0 info it worked if it ends with ok
1 verbose cli [ 'node', '/usr/local/bin/npm', 'start' ]
2 info using npm@3.5.1
3 info using node@v0.12.4
4 verbose run-script [ 'prestart', 'start', 'poststart' ]
5 info lifecycle myArticles@0.0.1~prestart: myArticles@0.0.1
6 silly lifecycle myArticles@0.0.1~prestart: no script for prestart, continuing
7 info lifecycle myArticles@0.0.1~start: myArticles@0.0.1
8 verbose lifecycle myArticles@0.0.1~start: unsafe-perm in lifecycle true
9 verbose lifecycle myArticles@0.0.1~start: PATH: /usr/local/lib/node_modules/npm/bin/node-gyp-bin:/Users/ryannichols/Desktop/angularProjects/myArticles /myArticles/node_modules/.bin:/Library/Frameworks/Python.framework/Versions/3.5/bin:/usr/local/bin:/usr/bin:/bin:/usr/sbin:/sbin:/usr/local/mysql/bin
10 verbose lifecycle myArticles@0.0.1~start: CWD: /Users/ryannichols/Desktop/angularProjects/myArticles /myArticles
11 silly lifecycle myArticles@0.0.1~start: Args: [ '-c', 'node ./bin/www' ]
12 silly lifecycle myArticles@0.0.1~start: Returned: code: 1  signal: null
13 info lifecycle myArticles@0.0.1~start: Failed to exec start script
14 verbose stack Error: myArticles@0.0.1 start: `node ./bin/www`
14 verbose stack Exit status 1
14 verbose stack     at EventEmitter.<anonymous> (/usr/local/lib/node_modules/npm/lib/utils/lifecycle.js:232:16)
14 verbose stack     at EventEmitter.emit (events.js:110:17)
14 verbose stack     at ChildProcess.<anonymous> (/usr/local/lib/node_modules/npm/lib/utils/spawn.js:24:14)
14 verbose stack     at ChildProcess.emit (events.js:110:17)
14 verbose stack     at maybeClose (child_process.js:1015:16)
14 verbose stack     at Process.ChildProcess._handle.onexit (child_process.js:1087:5)
15 verbose pkgid myArticles@0.0.1
16 verbose cwd /Users/ryannichols/Desktop/angularProjects/myArticles /myArticles
17 error Darwin 14.5.0
18 error argv "node" "/usr/local/bin/npm" "start"
19 error node v0.12.4
20 error npm  v3.5.1
21 error code ELIFECYCLE
22 error myArticles@0.0.1 start: `node ./bin/www`
22 error Exit status 1
23 error Failed at the myArticles@0.0.1 start script 'node ./bin/www'.
23 error Make sure you have the latest version of node.js and npm installed.
23 error If you do, this is most likely a problem with the myArticles package,
23 error not with npm itself.
23 error Tell the author that this fails on your system:
23 error     node ./bin/www
23 error You can get information on how to open an issue for this project with:
23 error     npm bugs myArticles
23 error Or if that isn't available, you can get their info via:
23 error     npm owner ls myArticles
23 error There is likely additional logging output above.
24 verbose exit [ 1, true ]
